{'BFGS': {'F1': {'Sx': np.float64(31.838487584923094),
                 'execution_time_ms': 15.5339,
                 'function_evaluations': 66,
                 'iterations': 10,
                 'success': True,
                 'x': array([-3.97978387, -3.97978387])},
          'F10': {'Sx': np.float64(-0.0),
                  'execution_time_ms': 0.5111,
                  'function_evaluations': 3,
                  'iterations': 0,
                  'success': True,
                  'x': array([100., 100.])},
          'F2': {'Sx': np.float64(19.99999995877693),
                 'execution_time_ms': 0.5797,
                 'function_evaluations': 3,
                 'iterations': 0,
                 'success': True,
                 'x': array([100., 100.])},
          'F3': {'Sx': np.float64(1.11061816478196e-16),
                 'execution_time_ms': 3.2784,
                 'function_evaluations': 21,
                 'iterations': 4,
                 'success': True,
                 'x': array([-7.45190635e-09, -7.45190635e-09])},
          'F4': {'Sx': np.float64(2.007449162733815e-11),
                 'execution_time_ms': 169.9352,
                 'function_evaluations': 1446,
                 'iterations': 382,
                 'success': True,
                 'x': array([0.99999552, 0.99999103])},
          'F5': {'Sx': np.float64(0.4476880258001348),
                 'execution_time_ms': 14.4513,
                 'function_evaluations': 135,
                 'iterations': 23,
                 'success': False,
                 'x': array([353.52088228,   0.99718948])},
          'F6': {'Sx': np.float64(147998475347.9263),
                 'execution_time_ms': 14.8441,
                 'function_evaluations': 146,
                 'iterations': 12,
                 'success': False,
                 'x': array([215.86041353, 142.90735265])},
          'F7': {'Sx': np.float64(5.285693171615599e-14),
                 'execution_time_ms': 2.6016,
                 'function_evaluations': 27,
                 'iterations': 5,
                 'success': True,
                 'x': array([1.00000005, 3.00000005])},
          'F8': {'Sx': np.float64(1.1),
                 'execution_time_ms': 9.342,
                 'function_evaluations': 78,
                 'iterations': 0,
                 'success': False,
                 'x': array([100., 100.])},
          'F9': {'Sx': np.float64(3.7810821315440516e-16),
                 'execution_time_ms': 2.8396,
                 'function_evaluations': 21,
                 'iterations': 4,
                 'success': True,
                 'x': array([-9.71770286e-08, -9.72724347e-08])}},
 'CG': {'F1': {'Sx': np.float64(1.9899181141865867),
               'execution_time_ms': 10.275,
               'function_evaluations': 121,
               'iterations': 4,
               'success': True,
               'x': array([0.99495864, 0.99495864])},
        'F10': {'Sx': np.float64(-0.0),
                'execution_time_ms': 0.5752,
                'function_evaluations': 3,
                'iterations': 0,
                'success': True,
                'x': array([100., 100.])},
        'F2': {'Sx': np.float64(19.99999995877693),
               'execution_time_ms': 1.0878,
               'function_evaluations': 3,
               'iterations': 0,
               'success': True,
               'x': array([100., 100.])},
        'F3': {'Sx': np.float64(3.9862474085732474e-13),
               'execution_time_ms': 1.9215,
               'function_evaluations': 21,
               'iterations': 2,
               'success': True,
               'x': array([4.4644414e-07, 4.4644414e-07])},
        'F4': {'Sx': np.float64(996648.4550859259),
               'execution_time_ms': 3.7761,
               'function_evaluations': 52,
               'iterations': 1,
               'success': False,
               'x': array([ 14.15107314, 100.42925129])},
        'F5': {'Sx': np.float64(0.40455726201120956),
               'execution_time_ms': 8.7615,
               'function_evaluations': 126,
               'iterations': 7,
               'success': False,
               'x': array([32.50694325,  0.96862435])},
        'F6': {'Sx': np.float64(3.000000000000092),
               'execution_time_ms': 29.5318,
               'function_evaluations': 285,
               'iterations': 23,
               'success': True,
               'x': array([-6.71029322e-09, -1.00000001e+00])},
        'F7': {'Sx': np.float64(1.498900296089401e-16),
               'execution_time_ms': 3.6826,
               'function_evaluations': 33,
               'iterations': 4,
               'success': True,
               'x': array([1., 3.])},
        'F8': {'Sx': np.float64(1.1),
               'execution_time_ms': 13.9763,
               'function_evaluations': 78,
               'iterations': 0,
               'success': False,
               'x': array([100., 100.])},
        'F9': {'Sx': np.float64(2.1288655669942575e-10),
               'execution_time_ms': 11.7155,
               'function_evaluations': 87,
               'iterations': 11,
               'success': True,
               'x': array([7.29606552e-05, 7.29456505e-05])}},
 'L-BFGS-B': {'F1': {'Sx': np.float64(17.90920248297403),
                     'execution_time_ms': 7.3132,
                     'function_evaluations': 60,
                     'iterations': 7,
                     'success': True,
                     'x': array([2.9848557, 2.9848557])},
              'F10': {'Sx': np.float64(-0.0),
                      'execution_time_ms': 0.3545,
                      'function_evaluations': 3,
                      'iterations': 0,
                      'success': True,
                      'x': array([100., 100.])},
              'F2': {'Sx': np.float64(19.99999995877693),
                     'execution_time_ms': 0.9429,
                     'function_evaluations': 3,
                     'iterations': 0,
                     'success': True,
                     'x': array([100., 100.])},
              'F3': {'Sx': np.float64(4.889105236579037e-17),
                     'execution_time_ms': 1.8165,
                     'function_evaluations': 18,
                     'iterations': 3,
                     'success': True,
                     'x': array([-4.94424172e-09, -4.94424172e-09])},
              'F4': {'Sx': np.float64(9.020525162026593e-12),
                     'execution_time_ms': 31.8803,
                     'function_evaluations': 369,
                     'iterations': 95,
                     'success': True,
                     'x': array([0.999997  , 0.99999399])},
              'F5': {'Sx': np.float64(0.43553813448965445),
                     'execution_time_ms': 12.9115,
                     'function_evaluations': 135,
                     'iterations': 37,
                     'success': True,
                     'x': array([93.00731765,  0.98924074])},
              'F6': {'Sx': np.float64(2.9999999999999605),
                     'execution_time_ms': 16.4297,
                     'function_evaluations': 174,
                     'iterations': 52,
                     'success': True,
                     'x': array([-3.28674750e-09, -1.00000001e+00])},
              'F7': {'Sx': np.float64(1.9794466623152713e-13),
                     'execution_time_ms': 1.5279,
                     'function_evaluations': 21,
                     'iterations': 4,
                     'success': True,
                     'x': array([0.99999969, 3.00000018])},
              'F8': {'Sx': np.float64(1.1001507891492748),
                     'execution_time_ms': 6.8748,
                     'function_evaluations': 63,
                     'iterations': 0,
                     'success': False,
                     'x': array([100., 100.])},
              'F9': {'Sx': np.float64(5.899302278045163e-15),
                     'execution_time_ms': 1.3257,
                     'function_evaluations': 18,
                     'iterations': 3,
                     'success': True,
                     'x': array([-3.84000651e-07, -3.84068429e-07])}},
 'Powell': {'F1': {'Sx': np.float64(0.0),
                   'execution_time_ms': 4.2802,
                   'function_evaluations': 131,
                   'iterations': 5,
                   'success': True,
                   'x': array([2.09288936e-11, 2.09287300e-11])},
            'F10': {'Sx': np.float64(-0.0),
                    'execution_time_ms': 1.5959,
                    'function_evaluations': 7,
                    'iterations': 1,
                    'success': True,
                    'x': array([100., 100.])},
            'F2': {'Sx': np.float64(19.99999995877693),
                   'execution_time_ms': 0.7886,
                   'function_evaluations': 29,
                   'iterations': 1,
                   'success': True,
                   'x': array([100., 100.])},
            'F3': {'Sx': np.float64(2.4132793917685855e-23),
                   'execution_time_ms': 0.7899,
                   'function_evaluations': 35,
                   'iterations': 2,
                   'success': True,
                   'x': array([ 2.30069353e-18, -4.91251401e-12])},
            'F4': {'Sx': np.float64(73.90147457402689),
                   'execution_time_ms': 1.4225,
                   'function_evaluations': 62,
                   'iterations': 2,
                   'success': True,
                   'x': array([ 9.59647899, 92.09690739])},
            'F5': {'Sx': np.float64(7.193568213640052),
                   'execution_time_ms': 1.5085,
                   'function_evaluations': 46,
                   'iterations': 2,
                   'success': True,
                   'x': array([-2.66256351e-06,  9.98101363e+01])},
            'F6': {'Sx': np.float64(35480172059.5333),
                   'execution_time_ms': 1.5057,
                   'function_evaluations': 51,
                   'iterations': 2,
                   'success': True,
                   'x': array([151.34713802,  99.89801798])},
            'F7': {'Sx': np.float64(6.64331953811547e-23),
                   'execution_time_ms': 1.2587,
                   'function_evaluations': 61,
                   'iterations': 3,
                   'success': True,
                   'x': array([1., 3.])},
            'F8': {'Sx': np.float64(1.1),
                   'execution_time_ms': 1.8021,
                   'function_evaluations': 75,
                   'iterations': 1,
                   'success': True,
                   'x': array([100., 100.])},
            'F9': {'Sx': np.float64(1.1953523015152482e-29),
                   'execution_time_ms': 3.3602,
                   'function_evaluations': 110,
                   'iterations': 5,
                   'success': True,
                   'x': array([1.66533454e-14, 1.75970349e-14])}},
 'nelder-mead': {'F1': {'Sx': np.float64(1.9899185745831964),
                        'execution_time_ms': 23.3727,
                        'function_evaluations': 115,
                        'iterations': 61,
                        'success': True,
                        'x': array([-0.99500528, -0.99497074])},
                 'F10': {'Sx': np.float64(-0.0),
                         'execution_time_ms': 1.4465,
                         'function_evaluations': 67,
                         'iterations': 17,
                         'success': True,
                         'x': array([100., 100.])},
                 'F2': {'Sx': np.float64(0.0),
                        'execution_time_ms': 9.4479,
                        'function_evaluations': 192,
                        'iterations': 115,
                        'success': True,
                        'x': array([0., 0.])},
                 'F3': {'Sx': np.float64(1.214554483422788e-09),
                        'execution_time_ms': 2.4594,
                        'function_evaluations': 99,
                        'iterations': 54,
                        'success': True,
                        'x': array([-3.37014985e-05, -8.87487924e-06])},
                 'F4': {'Sx': np.float64(3.2777595200434306),
                        'execution_time_ms': 11.2317,
                        'function_evaluations': 400,
                        'iterations': 210,
                        'success': False,
                        'x': array([2.81043148, 7.89951193])},
                 'F5': {'Sx': np.float64(0.0224006339791235),
                        'execution_time_ms': 11.9968,
                        'function_evaluations': 400,
                        'iterations': 215,
                        'success': False,
                        'x': array([3.43833564, 0.58268461])},
                 'F6': {'Sx': np.float64(3.00000074787643),
                        'execution_time_ms': 6.7689,
                        'function_evaluations': 260,
                        'iterations': 134,
                        'success': True,
                        'x': array([-4.8669079e-05, -9.9998986e-01])},
                 'F7': {'Sx': np.float64(2.1048709210129455e-09),
                        'execution_time_ms': 2.3502,
                        'function_evaluations': 100,
                        'iterations': 56,
                        'success': True,
                        'x': array([1.00003074, 2.9999844 ])},
                 'F8': {'Sx': np.float64(1.1),
                        'execution_time_ms': 4.2359,
                        'function_evaluations': 125,
                        'iterations': 61,
                        'success': True,
                        'x': array([100., 100.])},
                 'F9': {'Sx': np.float64(7.534718468893695e-11),
                        'execution_time_ms': 2.5021,
                        'function_evaluations': 98,
                        'iterations': 52,
                        'success': True,
                        'x': array([-1.34888144e-05, -2.86648330e-05])}}}
